

Version:	3.12
CmdLine:	C:\Users\Younglings\Desktop\Lingine\dist\Lingine.exe --l4j-debug
WOW64:		yes
Create mutex:	Lingine Game Engine
Working dir:	C:\Users\Younglings\Desktop\Lingine\dist\.
Java min ver:	1.008.000
Java max ver:	1.009.000
Bundled JRE:	dist\jre\bin\javaw.exe
Check launcher:	C:\Users\Younglings\Desktop\Lingine\dist\dist\jre\bin\javaw.exe\bin\javaw.exe (not found)
64-bit search:	SOFTWARE\JavaSoft\Java Runtime Environment...
Check:		SOFTWARE\JavaSoft\Java Runtime Environment\1.8
Check launcher:	C:\Program Files\Java\jre1.8.0_231\bin\javaw.exe (OK)
Match:		1.008.000
Check:		SOFTWARE\JavaSoft\Java Runtime Environment\1.8.0_231
Check launcher:	C:\Program Files\Java\jre1.8.0_231\bin\javaw.exe (OK)
Match:		1.008.000_231
64-bit search:	SOFTWARE\JavaSoft\JRE...
Runtime used:	1.008.000_231 (64-bit)
Main class:	Main
Info:		Classpath not defined.
Launcher:	C:\Program Files\Java\jre1.8.0_231\bin\javaw.exe
Launcher args:	-classpath "C:\Users\Younglings\Desktop\Lingine\dist\Lingine.exe" Main
Args length:	91/32768 chars
Exit code:	0


Version:	3.12
CmdLine:	C:\Users\Younglings\Desktop\Lingine\dist\Lingine.exe --l4j-debug
WOW64:		yes
Create mutex:	Lingine Game Engine
Working dir:	C:\Users\Younglings\Desktop\Lingine\dist\.
Java min ver:	1.008.000
Java max ver:	1.009.000
Bundled JRE:	dist\jre\bin\javaw.exe
Check launcher:	C:\Users\Younglings\Desktop\Lingine\dist\dist\jre\bin\javaw.exe\bin\javaw.exe (not found)
64-bit search:	SOFTWARE\JavaSoft\Java Runtime Environment...
Check:		SOFTWARE\JavaSoft\Java Runtime Environment\1.8
Check launcher:	C:\Program Files\Java\jre1.8.0_231\bin\javaw.exe (OK)
Match:		1.008.000
Check:		SOFTWARE\JavaSoft\Java Runtime Environment\1.8.0_231
Check launcher:	C:\Program Files\Java\jre1.8.0_231\bin\javaw.exe (OK)
Match:		1.008.000_231
64-bit search:	SOFTWARE\JavaSoft\JRE...
Runtime used:	1.008.000_231 (64-bit)
Main class:	Main
Info:		Classpath not defined.
Launcher:	C:\Program Files\Java\jre1.8.0_231\bin\javaw.exe
Launcher args:	-classpath "C:\Users\Younglings\Desktop\Lingine\dist\Lingine.exe" Main
Args length:	91/32768 chars
Exit code:	0


Version:	3.12
CmdLine:	C:\Users\Younglings\Desktop\Lingine\dist\Lingine.exe --l4j-debug
WOW64:		yes
Create mutex:	Lingine Game Engine
Working dir:	C:\Users\Younglings\Desktop\Lingine\dist\.
Java min ver:	1.002.000
Java max ver:	1.007.000
64-bit search:	SOFTWARE\JavaSoft\Java Runtime Environment...
Check:		SOFTWARE\JavaSoft\Java Runtime Environment\1.8
Ignore:		1.008.000
Check:		SOFTWARE\JavaSoft\Java Runtime Environment\1.8.0_231
Ignore:		1.008.000_231
32-bit search:	SOFTWARE\JavaSoft\Java Runtime Environment...
64-bit search:	SOFTWARE\JavaSoft\Java Development Kit...
Check:		SOFTWARE\JavaSoft\Java Development Kit\1.8
Ignore:		1.008.000
Check:		SOFTWARE\JavaSoft\Java Development Kit\1.8.0_221
Ignore:		1.008.000_221
32-bit search:	SOFTWARE\JavaSoft\Java Development Kit...
64-bit search:	SOFTWARE\JavaSoft\JRE...
32-bit search:	SOFTWARE\JavaSoft\JRE...
64-bit search:	SOFTWARE\JavaSoft\JDK...
Check:		SOFTWARE\JavaSoft\JDK\13.0.1
Ignore:		1.013.000_001
32-bit search:	SOFTWARE\JavaSoft\JDK...
64-bit search:	SOFTWARE\IBM\Java Runtime Environment...
32-bit search:	SOFTWARE\IBM\Java Runtime Environment...
64-bit search:	SOFTWARE\IBM\Java Development Kit...
32-bit search:	SOFTWARE\IBM\Java Development Kit...
64-bit search:	SOFTWARE\IBM\Java2 Runtime Environment...
32-bit search:	SOFTWARE\IBM\Java2 Runtime Environment...
64-bit search:	SOFTWARE\IBM\Java Development Kit...
32-bit search:	SOFTWARE\IBM\Java Development Kit...
Bundled JRE:	dist\jre\bin\javaw.exe
Check launcher:	C:\Users\Younglings\Desktop\Lingine\dist\dist\jre\bin\javaw.exe\bin\javaw.exe (not found)
Error msg:	This application requires a Java Runtime Environment 1.2.0 - 1.7.0
Open URL:	http://java.com/download


Version:	3.12
CmdLine:	C:\Users\Younglings\Desktop\Lingine\dist\Lingine.exe --l4j-debug
WOW64:		yes
Create mutex:	Lingine Game Engine
Working dir:	C:\Users\Younglings\Desktop\Lingine\dist\.
Java min ver:	1.008.000
Java max ver:	
64-bit search:	SOFTWARE\JavaSoft\Java Runtime Environment...
Check:		SOFTWARE\JavaSoft\Java Runtime Environment\1.8
Check launcher:	C:\Program Files\Java\jre1.8.0_231\bin\javaw.exe (OK)
Match:		1.008.000
Check:		SOFTWARE\JavaSoft\Java Runtime Environment\1.8.0_231
Check launcher:	C:\Program Files\Java\jre1.8.0_231\bin\javaw.exe (OK)
Match:		1.008.000_231
64-bit search:	SOFTWARE\JavaSoft\Java Development Kit...
Check:		SOFTWARE\JavaSoft\Java Development Kit\1.8
Ignore:		1.008.000
Check:		SOFTWARE\JavaSoft\Java Development Kit\1.8.0_221
Ignore:		1.008.000_221
64-bit search:	SOFTWARE\JavaSoft\JRE...
64-bit search:	SOFTWARE\JavaSoft\JDK...
Check:		SOFTWARE\JavaSoft\JDK\13.0.1
Check launcher:	C:\Program Files\Java\jdk-13.0.1\bin\javaw.exe (OK)
Match:		1.013.000_001
Runtime used:	1.013.000_001 (64-bit)
Main class:	Main
Info:		Classpath not defined.
Launcher:	C:\Program Files\Java\jdk-13.0.1\bin\javaw.exe
Launcher args:	-classpath "C:\Users\Younglings\Desktop\Lingine\dist\Lingine.exe" Main
Args length:	91/32768 chars
Exit code:	0


Version:	3.12
CmdLine:	C:\Users\Younglings\Desktop\Lingine\dist\Lingine.exe --l4j-debug
WOW64:		yes
Create mutex:	Lingine Game Engine
Working dir:	C:\Users\Younglings\Desktop\Lingine\dist\.
Java min ver:	1.008.000
Java max ver:	
64-bit search:	SOFTWARE\JavaSoft\Java Runtime Environment...
Check:		SOFTWARE\JavaSoft\Java Runtime Environment\1.8
Check launcher:	C:\Program Files\Java\jre1.8.0_231\bin\javaw.exe (OK)
Match:		1.008.000
Check:		SOFTWARE\JavaSoft\Java Runtime Environment\1.8.0_231
Check launcher:	C:\Program Files\Java\jre1.8.0_231\bin\javaw.exe (OK)
Match:		1.008.000_231
64-bit search:	SOFTWARE\JavaSoft\Java Development Kit...
Check:		SOFTWARE\JavaSoft\Java Development Kit\1.8
Ignore:		1.008.000
Check:		SOFTWARE\JavaSoft\Java Development Kit\1.8.0_221
Ignore:		1.008.000_221
64-bit search:	SOFTWARE\JavaSoft\JRE...
64-bit search:	SOFTWARE\JavaSoft\JDK...
Check:		SOFTWARE\JavaSoft\JDK\13.0.1
Check launcher:	C:\Program Files\Java\jdk-13.0.1\bin\javaw.exe (OK)
Match:		1.013.000_001
Runtime used:	1.013.000_001 (64-bit)
Main class:	Main
Info:		Classpath not defined.
Launcher:	C:\Program Files\Java\jdk-13.0.1\bin\javaw.exe
Launcher args:	-classpath "C:\Users\Younglings\Desktop\Lingine\dist\Lingine.exe" Main
Args length:	91/32768 chars
Exit code:	0


Version:	3.12
CmdLine:	C:\Users\Younglings\Desktop\Lingine\dist\Lingine.exe --l4j-debug
WOW64:		yes
Create mutex:	Lingine Game Engine
Working dir:	C:\Users\Younglings\Desktop\Lingine\dist\.
Java min ver:	1.008.000
Java max ver:	
64-bit search:	SOFTWARE\JavaSoft\Java Development Kit...
Check:		SOFTWARE\JavaSoft\Java Development Kit\1.8
Check launcher:	C:\Program Files\Java\jdk1.8.0_221\bin\javaw.exe (OK)
Match:		1.008.000
Check:		SOFTWARE\JavaSoft\Java Development Kit\1.8.0_221
Check launcher:	C:\Program Files\Java\jdk1.8.0_221\bin\javaw.exe (OK)
Match:		1.008.000_221
64-bit search:	SOFTWARE\JavaSoft\JDK...
Check:		SOFTWARE\JavaSoft\JDK\13.0.1
Check launcher:	C:\Program Files\Java\jdk-13.0.1\bin\javaw.exe (OK)
Match:		1.013.000_001
Runtime used:	1.013.000_001 (64-bit)
Main class:	Main
Info:		Classpath not defined.
Launcher:	C:\Program Files\Java\jdk-13.0.1\bin\javaw.exe
Launcher args:	-classpath "C:\Users\Younglings\Desktop\Lingine\dist\Lingine.exe" Main
Args length:	91/32768 chars
Exit code:	0


Version:	3.12
CmdLine:	C:\Users\Younglings\Desktop\Lingine\dist\Lingine.exe --l4j-debug
WOW64:		yes
Create mutex:	Lingine Game Engine
Working dir:	C:\Users\Younglings\Desktop\Lingine\dist\.
Java min ver:	1.008.000
Java max ver:	1.009.000
64-bit search:	SOFTWARE\JavaSoft\Java Development Kit...
Check:		SOFTWARE\JavaSoft\Java Development Kit\1.8
Check launcher:	C:\Program Files\Java\jdk1.8.0_221\bin\javaw.exe (OK)
Match:		1.008.000
Check:		SOFTWARE\JavaSoft\Java Development Kit\1.8.0_221
Check launcher:	C:\Program Files\Java\jdk1.8.0_221\bin\javaw.exe (OK)
Match:		1.008.000_221
64-bit search:	SOFTWARE\JavaSoft\JDK...
Check:		SOFTWARE\JavaSoft\JDK\13.0.1
Ignore:		1.013.000_001
Runtime used:	1.008.000_221 (64-bit)
Main class:	Main
Info:		Classpath not defined.
Launcher:	C:\Program Files\Java\jdk1.8.0_221\bin\javaw.exe
Launcher args:	-classpath "C:\Users\Younglings\Desktop\Lingine\dist\Lingine.exe" Main
Args length:	91/32768 chars
Exit code:	0


Version:	3.12
CmdLine:	C:\Users\Younglings\Desktop\Lingine\dist\Lingine.exe --l4j-debug
WOW64:		yes
Create mutex:	Lingine Game Engine
Working dir:	C:\Users\Younglings\Desktop\Lingine\dist\.
Java min ver:	1.008.000
Java max ver:	1.009.000
64-bit search:	SOFTWARE\JavaSoft\Java Development Kit...
Check:		SOFTWARE\JavaSoft\Java Development Kit\1.8
Check launcher:	C:\Program Files\Java\jdk1.8.0_221\bin\javaw.exe (OK)
Match:		1.008.000
Check:		SOFTWARE\JavaSoft\Java Development Kit\1.8.0_221
Check launcher:	C:\Program Files\Java\jdk1.8.0_221\bin\javaw.exe (OK)
Match:		1.008.000_221
64-bit search:	SOFTWARE\JavaSoft\JDK...
Check:		SOFTWARE\JavaSoft\JDK\13.0.1
Ignore:		1.013.000_001
Runtime used:	1.008.000_221 (64-bit)
Main class:	Main
Add classpath:	res\
Launcher:	C:\Program Files\Java\jdk1.8.0_221\bin\javaw.exe
Launcher args:	-classpath "C:\Users\Younglings\Desktop\Lingine\dist\Lingine.exe;res\" Main
Args length:	96/32768 chars
Exit code:	0


Version:	3.12
CmdLine:	C:\Users\Younglings\Desktop\Lingine\dist\Lingine.exe --l4j-debug
WOW64:		yes
Create mutex:	Lingine Game Engine
Working dir:	C:\Users\Younglings\Desktop\Lingine\dist\.
Java min ver:	1.008.000
Java max ver:	1.009.000
64-bit search:	SOFTWARE\JavaSoft\Java Development Kit...
Check:		SOFTWARE\JavaSoft\Java Development Kit\1.8
Check launcher:	C:\Program Files\Java\jdk1.8.0_221\bin\javaw.exe (OK)
Match:		1.008.000
Check:		SOFTWARE\JavaSoft\Java Development Kit\1.8.0_221
Check launcher:	C:\Program Files\Java\jdk1.8.0_221\bin\javaw.exe (OK)
Match:		1.008.000_221
64-bit search:	SOFTWARE\JavaSoft\JDK...
Check:		SOFTWARE\JavaSoft\JDK\13.0.1
Ignore:		1.013.000_001
Runtime used:	1.008.000_221 (64-bit)
Main class:	Main
Add classpath:	res\*
      "      :	res\.
      "      :	res\..
      "      :	res\models
      "      :	res\shader
      "      :	res\texture
Launcher:	C:\Program Files\Java\jdk1.8.0_221\bin\javaw.exe
Launcher args:	-classpath "C:\Users\Younglings\Desktop\Lingine\dist\Lingine.exe;res\.;res\..;res\models;res\shader;res\texture" Main
Args length:	138/32768 chars
Exit code:	0


Version:	3.12
CmdLine:	C:\Users\Younglings\Desktop\Lingine\dist\Lingine.exe --l4j-debug
WOW64:		yes
Create mutex:	Lingine Game Engine
Working dir:	C:\Users\Younglings\Desktop\Lingine\dist\.
Java min ver:	1.008.000
Java max ver:	1.009.000
64-bit search:	SOFTWARE\JavaSoft\Java Development Kit...
Check:		SOFTWARE\JavaSoft\Java Development Kit\1.8
Check launcher:	C:\Program Files\Java\jdk1.8.0_221\bin\javaw.exe (OK)
Match:		1.008.000
Check:		SOFTWARE\JavaSoft\Java Development Kit\1.8.0_221
Check launcher:	C:\Program Files\Java\jdk1.8.0_221\bin\javaw.exe (OK)
Match:		1.008.000_221
64-bit search:	SOFTWARE\JavaSoft\JDK...
Check:		SOFTWARE\JavaSoft\JDK\13.0.1
Ignore:		1.013.000_001
Runtime used:	1.008.000_221 (64-bit)
Main class:	Main
Add classpath:	dist\res\*
Launcher:	C:\Program Files\Java\jdk1.8.0_221\bin\javaw.exe
Launcher args:	-classpath "C:\Users\Younglings\Desktop\Lingine\dist\Lingine.exe" Main
Args length:	91/32768 chars
Exit code:	0


Version:	3.12
CmdLine:	C:\Users\Younglings\Desktop\Lingine\dist\Lingine.exe --l4j-debug
WOW64:		yes
Create mutex:	Lingine Game Engine
Working dir:	C:\Users\Younglings\Desktop\Lingine\dist\.
Java min ver:	1.008.000
Java max ver:	1.009.000
64-bit search:	SOFTWARE\JavaSoft\Java Development Kit...
Check:		SOFTWARE\JavaSoft\Java Development Kit\1.8
Check launcher:	C:\Program Files\Java\jdk1.8.0_221\bin\javaw.exe (OK)
Match:		1.008.000
Check:		SOFTWARE\JavaSoft\Java Development Kit\1.8.0_221
Check launcher:	C:\Program Files\Java\jdk1.8.0_221\bin\javaw.exe (OK)
Match:		1.008.000_221
64-bit search:	SOFTWARE\JavaSoft\JDK...
Check:		SOFTWARE\JavaSoft\JDK\13.0.1
Ignore:		1.013.000_001
Runtime used:	1.008.000_221 (64-bit)
Main class:	Main
Info:		Classpath not defined.
Launcher:	C:\Program Files\Java\jdk1.8.0_221\bin\javaw.exe
Launcher args:	-classpath "C:\Users\Younglings\Desktop\Lingine\dist\Lingine.exe" Main
Args length:	91/32768 chars
Exit code:	0


Version:	3.12
CmdLine:	C:\Users\Younglings\Desktop\Lingine\dist\Lingine.exe --l4j-debug
WOW64:		yes
Create mutex:	Lingine Game Engine
Working dir:	C:\Users\Younglings\Desktop\Lingine\dist\.
Java min ver:	1.008.000
Java max ver:	1.009.000
64-bit search:	SOFTWARE\JavaSoft\Java Development Kit...
Check:		SOFTWARE\JavaSoft\Java Development Kit\1.8
Check launcher:	C:\Program Files\Java\jdk1.8.0_221\bin\javaw.exe (OK)
Match:		1.008.000
Check:		SOFTWARE\JavaSoft\Java Development Kit\1.8.0_221
Check launcher:	C:\Program Files\Java\jdk1.8.0_221\bin\javaw.exe (OK)
Match:		1.008.000_221
64-bit search:	SOFTWARE\JavaSoft\JDK...
Check:		SOFTWARE\JavaSoft\JDK\13.0.1
Ignore:		1.013.000_001
Runtime used:	1.008.000_221 (64-bit)
Main class:	Main
Add classpath:	res\*
Launcher:	C:\Program Files\Java\jdk1.8.0_221\bin\javaw.exe
Launcher args:	-classpath "C:\Users\Younglings\Desktop\Lingine\dist\Lingine.exe" Main
Args length:	91/32768 chars
Exit code:	0


Version:	3.12
CmdLine:	C:\Users\Younglings\Desktop\Lingine\dist\Lingine.exe --l4j-debug
WOW64:		yes
Create mutex:	Lingine Game Engine
Working dir:	C:\Users\Younglings\Desktop\Lingine\dist\.
Java min ver:	1.008.000
Java max ver:	1.009.000
64-bit search:	SOFTWARE\JavaSoft\Java Development Kit...
Check:		SOFTWARE\JavaSoft\Java Development Kit\1.8
Check launcher:	C:\Program Files\Java\jdk1.8.0_221\bin\javaw.exe (OK)
Match:		1.008.000
Check:		SOFTWARE\JavaSoft\Java Development Kit\1.8.0_221
Check launcher:	C:\Program Files\Java\jdk1.8.0_221\bin\javaw.exe (OK)
Match:		1.008.000_221
64-bit search:	SOFTWARE\JavaSoft\JDK...
Check:		SOFTWARE\JavaSoft\JDK\13.0.1
Ignore:		1.013.000_001
Runtime used:	1.008.000_221 (64-bit)
Main class:	Main
Info:		Classpath not defined.
Launcher:	C:\Program Files\Java\jdk1.8.0_221\bin\javaw.exe
Launcher args:	-classpath "C:\Users\Younglings\Desktop\Lingine\dist\Lingine.exe" Main
Args length:	91/32768 chars
Exit code:	0


Version:	3.12
CmdLine:	C:\Users\Younglings\Desktop\Lingine\dist\Lingine.exe --l4j-debug
WOW64:		yes
Create mutex:	Lingine Game Engine
Working dir:	C:\Users\Younglings\Desktop\Lingine\dist\.
Java min ver:	1.008.000
Java max ver:	1.009.000
64-bit search:	SOFTWARE\JavaSoft\Java Development Kit...
Check:		SOFTWARE\JavaSoft\Java Development Kit\1.8
Check launcher:	C:\Program Files\Java\jdk1.8.0_221\bin\javaw.exe (OK)
Match:		1.008.000
Check:		SOFTWARE\JavaSoft\Java Development Kit\1.8.0_221
Check launcher:	C:\Program Files\Java\jdk1.8.0_221\bin\javaw.exe (OK)
Match:		1.008.000_221
64-bit search:	SOFTWARE\JavaSoft\JDK...
Check:		SOFTWARE\JavaSoft\JDK\13.0.1
Ignore:		1.013.000_001
Runtime used:	1.008.000_221 (64-bit)
Main class:	Main
Info:		Classpath not defined.
Launcher:	C:\Program Files\Java\jdk1.8.0_221\bin\javaw.exe
Launcher args:	-classpath "C:\Users\Younglings\Desktop\Lingine\dist\Lingine.exe" Main
Args length:	91/32768 chars
Exit code:	0


Version:	3.12
CmdLine:	C:\Users\Younglings\Desktop\Lingine\dist\Lingine.exe --l4j-debug
WOW64:		yes
Create mutex:	Lingine Game Engine
Working dir:	C:\Users\Younglings\Desktop\Lingine\dist\.
Java min ver:	1.008.000
Java max ver:	
Bundled JRE:	dist\jre
Check launcher:	C:\Users\Younglings\Desktop\Lingine\dist\dist\jre\bin\javaw.exe (not found)
64-bit search:	SOFTWARE\JavaSoft\Java Development Kit...
Check:		SOFTWARE\JavaSoft\Java Development Kit\1.8
Check launcher:	C:\Program Files\Java\jdk1.8.0_221\bin\javaw.exe (OK)
Match:		1.008.000
Check:		SOFTWARE\JavaSoft\Java Development Kit\1.8.0_221
Check launcher:	C:\Program Files\Java\jdk1.8.0_221\bin\javaw.exe (OK)
Match:		1.008.000_221
64-bit search:	SOFTWARE\JavaSoft\JDK...
Check:		SOFTWARE\JavaSoft\JDK\13.0.1
Check launcher:	C:\Program Files\Java\jdk-13.0.1\bin\javaw.exe (OK)
Match:		1.013.000_001
Runtime used:	1.013.000_001 (64-bit)
Main class:	Main
Info:		Classpath not defined.
Launcher:	C:\Program Files\Java\jdk-13.0.1\bin\javaw.exe
Launcher args:	-classpath "C:\Users\Younglings\Desktop\Lingine\dist\Lingine.exe" Main
Args length:	91/32768 chars
Exit code:	0


Version:	3.12
CmdLine:	C:\Users\Younglings\Desktop\Lingine\dist\Lingine.exe --l4j-debug
WOW64:		yes
Create mutex:	Lingine Game Engine
Working dir:	C:\Users\Younglings\Desktop\Lingine\dist\.
Java min ver:	1.008.000
Java max ver:	
Bundled JRE:	dist\jre\bin\javaw.exe
Check launcher:	C:\Users\Younglings\Desktop\Lingine\dist\dist\jre\bin\javaw.exe\bin\javaw.exe (not found)
64-bit search:	SOFTWARE\JavaSoft\Java Development Kit...
Check:		SOFTWARE\JavaSoft\Java Development Kit\1.8
Check launcher:	C:\Program Files\Java\jdk1.8.0_221\bin\javaw.exe (OK)
Match:		1.008.000
Check:		SOFTWARE\JavaSoft\Java Development Kit\1.8.0_221
Check launcher:	C:\Program Files\Java\jdk1.8.0_221\bin\javaw.exe (OK)
Match:		1.008.000_221
64-bit search:	SOFTWARE\JavaSoft\JDK...
Check:		SOFTWARE\JavaSoft\JDK\13.0.1
Check launcher:	C:\Program Files\Java\jdk-13.0.1\bin\javaw.exe (OK)
Match:		1.013.000_001
Runtime used:	1.013.000_001 (64-bit)
Main class:	Main
Info:		Classpath not defined.
Launcher:	C:\Program Files\Java\jdk-13.0.1\bin\javaw.exe
Launcher args:	-classpath "C:\Users\Younglings\Desktop\Lingine\dist\Lingine.exe" Main
Args length:	91/32768 chars
Exit code:	0


Version:	3.12
CmdLine:	C:\Users\Younglings\Desktop\Lingine\dist\Lingine.exe --l4j-debug
WOW64:		yes
Create mutex:	Lingine Game Engine
Working dir:	C:\Users\Younglings\Desktop\Lingine\dist\.
Java min ver:	1.008.000
Java max ver:	
Bundled JRE:	dist\jre\bin\javaw.exe
Check launcher:	C:\Users\Younglings\Desktop\Lingine\dist\dist\jre\bin\javaw.exe\bin\javaw.exe (not found)
64-bit search:	SOFTWARE\JavaSoft\Java Development Kit...
Check:		SOFTWARE\JavaSoft\Java Development Kit\1.8
Check launcher:	C:\Program Files\Java\jdk1.8.0_221\bin\javaw.exe (OK)
Match:		1.008.000
Check:		SOFTWARE\JavaSoft\Java Development Kit\1.8.0_221
Check launcher:	C:\Program Files\Java\jdk1.8.0_221\bin\javaw.exe (OK)
Match:		1.008.000_221
64-bit search:	SOFTWARE\JavaSoft\JDK...
Check:		SOFTWARE\JavaSoft\JDK\13.0.1
Check launcher:	C:\Program Files\Java\jdk-13.0.1\bin\javaw.exe (OK)
Match:		1.013.000_001
Runtime used:	1.013.000_001 (64-bit)
Substitute:	EXEDIR = C:\Users\Younglings\Desktop\Lingine\dist
Substitute:	EXEFILE = C:\Users\Younglings\Desktop\Lingine\dist\Lingine.exe
Main class:	Main
Info:		Classpath not defined.
Launcher:	C:\Program Files\Java\jdk-13.0.1\bin\javaw.exe
Launcher args:	-Dlaunch4j.exedir="C:\Users\Younglings\Desktop\Lingine\dist" -Dlaunch4j.exefile="C:\Users\Younglings\Desktop\Lingine\dist\Lingine.exe" -classpath "C:\Users\Younglings\Desktop\Lingine\dist\Lingine.exe" Main
Args length:	226/32768 chars
Exit code:	0


Version:	3.12
CmdLine:	C:\Users\Younglings\Desktop\Lingine\dist\Lingine.exe --l4j-debug
WOW64:		yes
Create mutex:	Lingine Game Engine
Working dir:	C:\Users\Younglings\Desktop\Lingine\dist\.
Java min ver:	1.008.000
Java max ver:	
Bundled JRE:	dist\jre\bin\javaw.exe
Check launcher:	C:\Users\Younglings\Desktop\Lingine\dist\dist\jre\bin\javaw.exe\bin\javaw.exe (not found)
64-bit search:	SOFTWARE\JavaSoft\Java Development Kit...
Check:		SOFTWARE\JavaSoft\Java Development Kit\1.8
Check launcher:	C:\Program Files\Java\jdk1.8.0_221\bin\javaw.exe (OK)
Match:		1.008.000
Check:		SOFTWARE\JavaSoft\Java Development Kit\1.8.0_221
Check launcher:	C:\Program Files\Java\jdk1.8.0_221\bin\javaw.exe (OK)
Match:		1.008.000_221
64-bit search:	SOFTWARE\JavaSoft\JDK...
Check:		SOFTWARE\JavaSoft\JDK\13.0.1
Check launcher:	C:\Program Files\Java\jdk-13.0.1\bin\javaw.exe (OK)
Match:		1.013.000_001
Runtime used:	1.013.000_001 (64-bit)
Substitute:	EXEDIR = C:\Users\Younglings\Desktop\Lingine\dist
Substitute:	EXEFILE = C:\Users\Younglings\Desktop\Lingine\dist\Lingine.exe
Main class:	Main
Add classpath:	res\*
Launcher:	C:\Program Files\Java\jdk-13.0.1\bin\javaw.exe
Launcher args:	-Dlaunch4j.exedir="C:\Users\Younglings\Desktop\Lingine\dist" -Dlaunch4j.exefile="C:\Users\Younglings\Desktop\Lingine\dist\Lingine.exe" -classpath "C:\Users\Younglings\Desktop\Lingine\dist\Lingine.exe" Main
Args length:	226/32768 chars
Exit code:	0


Version:	3.12
CmdLine:	C:\Users\Younglings\Desktop\Lingine\dist\Lingine.exe --l4j-debug
WOW64:		yes
Create mutex:	Lingine Game Engine
Working dir:	C:\Users\Younglings\Desktop\Lingine\dist\.
Java min ver:	1.008.000
Java max ver:	
Bundled JRE:	dist\jre\bin\javaw.exe
Check launcher:	C:\Users\Younglings\Desktop\Lingine\dist\dist\jre\bin\javaw.exe\bin\javaw.exe (not found)
64-bit search:	SOFTWARE\JavaSoft\Java Development Kit...
Check:		SOFTWARE\JavaSoft\Java Development Kit\1.8
Check launcher:	C:\Program Files\Java\jdk1.8.0_221\bin\javaw.exe (OK)
Match:		1.008.000
Check:		SOFTWARE\JavaSoft\Java Development Kit\1.8.0_221
Check launcher:	C:\Program Files\Java\jdk1.8.0_221\bin\javaw.exe (OK)
Match:		1.008.000_221
64-bit search:	SOFTWARE\JavaSoft\JDK...
Check:		SOFTWARE\JavaSoft\JDK\13.0.1
Check launcher:	C:\Program Files\Java\jdk-13.0.1\bin\javaw.exe (OK)
Match:		1.013.000_001
Runtime used:	1.013.000_001 (64-bit)
Substitute:	EXEDIR = C:\Users\Younglings\Desktop\Lingine\dist
Substitute:	EXEFILE = C:\Users\Younglings\Desktop\Lingine\dist\Lingine.exe
Main class:	Main
Add classpath:	res\*
Launcher:	C:\Program Files\Java\jdk-13.0.1\bin\javaw.exe
Launcher args:	-Dlaunch4j.exedir="C:\Users\Younglings\Desktop\Lingine\dist" -Dlaunch4j.exefile="C:\Users\Younglings\Desktop\Lingine\dist\Lingine.exe" -classpath "C:\Users\Younglings\Desktop\Lingine\dist\Lingine.exe" Main
Args length:	226/32768 chars
Exit code:	0


Version:	3.12
CmdLine:	C:\Users\Younglings\Desktop\Lingine\dist\Lingine.exe --l4j-debug
WOW64:		yes
Create mutex:	Lingine Game Engine
Working dir:	C:\Users\Younglings\Desktop\Lingine\dist\.
Java min ver:	1.008.000
Java max ver:	
Bundled JRE:	dist\jre\bin\javaw.exe
Check launcher:	C:\Users\Younglings\Desktop\Lingine\dist\dist\jre\bin\javaw.exe\bin\javaw.exe (not found)
64-bit search:	SOFTWARE\JavaSoft\Java Development Kit...
Check:		SOFTWARE\JavaSoft\Java Development Kit\1.8
Check launcher:	C:\Program Files\Java\jdk1.8.0_221\bin\javaw.exe (OK)
Match:		1.008.000
Check:		SOFTWARE\JavaSoft\Java Development Kit\1.8.0_221
Check launcher:	C:\Program Files\Java\jdk1.8.0_221\bin\javaw.exe (OK)
Match:		1.008.000_221
64-bit search:	SOFTWARE\JavaSoft\JDK...
Check:		SOFTWARE\JavaSoft\JDK\13.0.1
Check launcher:	C:\Program Files\Java\jdk-13.0.1\bin\javaw.exe (OK)
Match:		1.013.000_001
Runtime used:	1.013.000_001 (64-bit)
Substitute:	EXEDIR = C:\Users\Younglings\Desktop\Lingine\dist
Substitute:	EXEFILE = C:\Users\Younglings\Desktop\Lingine\dist\Lingine.exe
Main class:	Main
Add classpath:	res\*
Launcher:	C:\Program Files\Java\jdk-13.0.1\bin\javaw.exe
Launcher args:	-Dlaunch4j.exedir="C:\Users\Younglings\Desktop\Lingine\dist" -Dlaunch4j.exefile="C:\Users\Younglings\Desktop\Lingine\dist\Lingine.exe" -classpath "C:\Users\Younglings\Desktop\Lingine\dist\Lingine.exe" Main
Args length:	226/32768 chars
Exit code:	0


Version:	3.12
CmdLine:	C:\Users\Younglings\Desktop\Lingine\dist\Lingine.exe --l4j-debug
WOW64:		yes
Create mutex:	Lingine Game Engine
Working dir:	C:\Users\Younglings\Desktop\Lingine\dist\.
Java min ver:	1.008.000
Java max ver:	
64-bit search:	SOFTWARE\JavaSoft\Java Development Kit...
Check:		SOFTWARE\JavaSoft\Java Development Kit\1.8
Check launcher:	C:\Program Files\Java\jdk1.8.0_221\bin\javaw.exe (OK)
Match:		1.008.000
Check:		SOFTWARE\JavaSoft\Java Development Kit\1.8.0_221
Check launcher:	C:\Program Files\Java\jdk1.8.0_221\bin\javaw.exe (OK)
Match:		1.008.000_221
64-bit search:	SOFTWARE\JavaSoft\JDK...
Check:		SOFTWARE\JavaSoft\JDK\13.0.1
Check launcher:	C:\Program Files\Java\jdk-13.0.1\bin\javaw.exe (OK)
Match:		1.013.000_001
Runtime used:	1.013.000_001 (64-bit)
Substitute:	EXEDIR = C:\Users\Younglings\Desktop\Lingine\dist
Substitute:	EXEFILE = C:\Users\Younglings\Desktop\Lingine\dist\Lingine.exe
Main class:	Main
Add classpath:	res\*
Launcher:	C:\Program Files\Java\jdk-13.0.1\bin\javaw.exe
Launcher args:	-Dlaunch4j.exedir="C:\Users\Younglings\Desktop\Lingine\dist" -Dlaunch4j.exefile="C:\Users\Younglings\Desktop\Lingine\dist\Lingine.exe" -classpath "C:\Users\Younglings\Desktop\Lingine\dist\Lingine.exe" Main
Args length:	226/32768 chars
Exit code:	0


Version:	3.12
CmdLine:	C:\Users\Younglings\Desktop\Lingine\dist\Lingine.exe --l4j-debug
WOW64:		yes
Create mutex:	Lingine Game Engine
Working dir:	C:\Users\Younglings\Desktop\Lingine\dist\.
Java min ver:	1.008.000
Java max ver:	
64-bit search:	SOFTWARE\JavaSoft\Java Development Kit...
Check:		SOFTWARE\JavaSoft\Java Development Kit\1.8
Check launcher:	C:\Program Files\Java\jdk1.8.0_221\bin\javaw.exe (OK)
Match:		1.008.000
Check:		SOFTWARE\JavaSoft\Java Development Kit\1.8.0_221
Check launcher:	C:\Program Files\Java\jdk1.8.0_221\bin\javaw.exe (OK)
Match:		1.008.000_221
64-bit search:	SOFTWARE\JavaSoft\JDK...
Check:		SOFTWARE\JavaSoft\JDK\13.0.1
Check launcher:	C:\Program Files\Java\jdk-13.0.1\bin\javaw.exe (OK)
Match:		1.013.000_001
Runtime used:	1.013.000_001 (64-bit)
Heap -Xms:	Requested 2048 MB / 0%, Available: 22238 MB, Heap size: 2048 MB
Heap -Xmx:	Requested 16384 MB / 0%, Available: 22238 MB, Heap size: 16384 MB
Main class:	com.lonewolf.lingine.Main
Info:		Classpath not defined.
Launcher:	C:\Program Files\Java\jdk-13.0.1\bin\javaw.exe
Launcher args:	-Xms2048m -Xmx16384m -classpath "C:\Users\Younglings\Desktop\Lingine\dist\Lingine.exe" com.lonewolf.lingine.Main
Args length:	112/32768 chars
Exit code:	0


Version:	3.12
CmdLine:	C:\Users\Younglings\Desktop\Lingine\dist\Lingine.exe --l4j-debug
WOW64:		yes
Create mutex:	Lingine Game Engine
Working dir:	C:\Users\Younglings\Desktop\Lingine\dist\.
Java min ver:	1.008.000
Java max ver:	
64-bit search:	SOFTWARE\JavaSoft\Java Development Kit...
Check:		SOFTWARE\JavaSoft\Java Development Kit\1.8
Check launcher:	C:\Program Files\Java\jdk1.8.0_221\bin\javaw.exe (OK)
Match:		1.008.000
Check:		SOFTWARE\JavaSoft\Java Development Kit\1.8.0_221
Check launcher:	C:\Program Files\Java\jdk1.8.0_221\bin\javaw.exe (OK)
Match:		1.008.000_221
64-bit search:	SOFTWARE\JavaSoft\JDK...
Check:		SOFTWARE\JavaSoft\JDK\13.0.1
Check launcher:	C:\Program Files\Java\jdk-13.0.1\bin\javaw.exe (OK)
Match:		1.013.000_001
Runtime used:	1.013.000_001 (64-bit)
Heap -Xms:	Requested 2048 MB / 0%, Available: 22226 MB, Heap size: 2048 MB
Heap -Xmx:	Requested 16384 MB / 0%, Available: 22226 MB, Heap size: 16384 MB
Main class:	com.lonewolf.lingine.Main
Info:		Classpath not defined.
Launcher:	C:\Program Files\Java\jdk-13.0.1\bin\javaw.exe
Launcher args:	-Xms2048m -Xmx16384m -classpath "C:\Users\Younglings\Desktop\Lingine\dist\Lingine.exe" com.lonewolf.lingine.Main
Args length:	112/32768 chars
Exit code:	0


Version:	3.12
CmdLine:	C:\Users\Younglings\Desktop\Lingine\dist\Lingine.exe --l4j-debug
WOW64:		yes
Create mutex:	Lingine Game Engine
Working dir:	C:\Users\Younglings\Desktop\Lingine\dist\.
Java min ver:	1.008.000
Java max ver:	
64-bit search:	SOFTWARE\JavaSoft\Java Development Kit...
Check:		SOFTWARE\JavaSoft\Java Development Kit\1.8
Check launcher:	C:\Program Files\Java\jdk1.8.0_221\bin\javaw.exe (OK)
Match:		1.008.000
Check:		SOFTWARE\JavaSoft\Java Development Kit\1.8.0_221
Check launcher:	C:\Program Files\Java\jdk1.8.0_221\bin\javaw.exe (OK)
Match:		1.008.000_221
64-bit search:	SOFTWARE\JavaSoft\JDK...
Check:		SOFTWARE\JavaSoft\JDK\13.0.1
Check launcher:	C:\Program Files\Java\jdk-13.0.1\bin\javaw.exe (OK)
Match:		1.013.000_001
Runtime used:	1.013.000_001 (64-bit)
Heap -Xms:	Requested 2048 MB / 0%, Available: 22136 MB, Heap size: 2048 MB
Heap -Xmx:	Requested 16384 MB / 0%, Available: 22136 MB, Heap size: 16384 MB
Main class:	com.lonewolf.lingine.Main
Info:		Classpath not defined.
Launcher:	C:\Program Files\Java\jdk-13.0.1\bin\javaw.exe
Launcher args:	-Xms2048m -Xmx16384m -classpath "C:\Users\Younglings\Desktop\Lingine\dist\Lingine.exe" com.lonewolf.lingine.Main
Args length:	112/32768 chars
Exit code:	0


Version:	3.12
CmdLine:	C:\Users\Younglings\Desktop\Lingine\dist\Lingine.exe --l4j-debug
WOW64:		yes
Create mutex:	Lingine Game Engine
Working dir:	C:\Users\Younglings\Desktop\Lingine\dist\.
Java min ver:	1.008.000
Java max ver:	
64-bit search:	SOFTWARE\JavaSoft\Java Development Kit...
Check:		SOFTWARE\JavaSoft\Java Development Kit\1.8
Check launcher:	C:\Program Files\Java\jdk1.8.0_221\bin\javaw.exe (OK)
Match:		1.008.000
Check:		SOFTWARE\JavaSoft\Java Development Kit\1.8.0_221
Check launcher:	C:\Program Files\Java\jdk1.8.0_221\bin\javaw.exe (OK)
Match:		1.008.000_221
64-bit search:	SOFTWARE\JavaSoft\JDK...
Check:		SOFTWARE\JavaSoft\JDK\13.0.1
Check launcher:	C:\Program Files\Java\jdk-13.0.1\bin\javaw.exe (OK)
Match:		1.013.000_001
Runtime used:	1.013.000_001 (64-bit)
Heap -Xms:	Requested 2048 MB / 0%, Available: 22112 MB, Heap size: 2048 MB
Heap -Xmx:	Requested 16384 MB / 0%, Available: 22112 MB, Heap size: 16384 MB
Main class:	com.lonewolf.lingine.Main
Info:		Classpath not defined.
Launcher:	C:\Program Files\Java\jdk-13.0.1\bin\javaw.exe
Launcher args:	-Xms2048m -Xmx16384m -classpath "C:\Users\Younglings\Desktop\Lingine\dist\Lingine.exe" com.lonewolf.lingine.Main
Args length:	112/32768 chars
Exit code:	0


Version:	3.12
CmdLine:	C:\Users\Younglings\Desktop\Lingine\dist\Lingine.exe --l4j-debug
WOW64:		yes
Create mutex:	Lingine Game Engine
Working dir:	C:\Users\Younglings\Desktop\Lingine\dist\.
Java min ver:	1.008.000
Java max ver:	
Bundled JRE:	dist\jre
Check launcher:	C:\Users\Younglings\Desktop\Lingine\dist\dist\jre\bin\javaw.exe (not found)
32-bit search:	SOFTWARE\JavaSoft\Java Development Kit...
32-bit search:	SOFTWARE\JavaSoft\JDK...
32-bit search:	SOFTWARE\IBM\Java Development Kit...
32-bit search:	SOFTWARE\IBM\Java Development Kit...
Error msg:	This application requires a Java Runtime Environment 1.8.0 (32-bit)
Open URL:	http://java.com/download


Version:	3.12
CmdLine:	C:\Users\Younglings\Desktop\Lingine\dist\Lingine.exe --l4j-debug
WOW64:		yes
Create mutex:	Lingine Game Engine
Working dir:	C:\Users\Younglings\Desktop\Lingine\dist\.
Java min ver:	1.008.000
Java max ver:	
Bundled JRE:	dist\jre
Check launcher:	C:\Users\Younglings\Desktop\Lingine\dist\dist\jre\bin\javaw.exe (not found)
64-bit search:	SOFTWARE\JavaSoft\Java Development Kit...
Check:		SOFTWARE\JavaSoft\Java Development Kit\1.8
Check launcher:	C:\Program Files\Java\jdk1.8.0_221\bin\javaw.exe (OK)
Match:		1.008.000
Check:		SOFTWARE\JavaSoft\Java Development Kit\1.8.0_221
Check launcher:	C:\Program Files\Java\jdk1.8.0_221\bin\javaw.exe (OK)
Match:		1.008.000_221
64-bit search:	SOFTWARE\JavaSoft\JDK...
Check:		SOFTWARE\JavaSoft\JDK\13.0.1
Check launcher:	C:\Program Files\Java\jdk-13.0.1\bin\javaw.exe (OK)
Match:		1.013.000_001
Runtime used:	1.013.000_001 (64-bit)
Heap -Xms:	Requested 2048 MB / 0%, Available: 21980 MB, Heap size: 2048 MB
Heap -Xmx:	Requested 16384 MB / 0%, Available: 21980 MB, Heap size: 16384 MB
Main class:	com.lonewolf.lingine.Main
Info:		Classpath not defined.
Launcher:	C:\Program Files\Java\jdk-13.0.1\bin\javaw.exe
Launcher args:	-Xms2048m -Xmx16384m -classpath "C:\Users\Younglings\Desktop\Lingine\dist\Lingine.exe" com.lonewolf.lingine.Main
Args length:	112/32768 chars
Exit code:	0


Version:	3.12
CmdLine:	C:\Users\Younglings\Desktop\Lingine\dist\Lingine.exe --l4j-debug
WOW64:		yes
Create mutex:	Lingine Game Engine
Working dir:	C:\Users\Younglings\Desktop\Lingine\dist\.
Java min ver:	1.008.000
Java max ver:	
Bundled JRE:	dist\jre
Check launcher:	C:\Users\Younglings\Desktop\Lingine\dist\dist\jre\bin\javaw.exe (not found)
64-bit search:	SOFTWARE\JavaSoft\Java Development Kit...
Check:		SOFTWARE\JavaSoft\Java Development Kit\1.8
Check launcher:	C:\Program Files\Java\jdk1.8.0_221\bin\javaw.exe (OK)
Match:		1.008.000
Check:		SOFTWARE\JavaSoft\Java Development Kit\1.8.0_221
Check launcher:	C:\Program Files\Java\jdk1.8.0_221\bin\javaw.exe (OK)
Match:		1.008.000_221
64-bit search:	SOFTWARE\JavaSoft\JDK...
Check:		SOFTWARE\JavaSoft\JDK\13.0.1
Check launcher:	C:\Program Files\Java\jdk-13.0.1\bin\javaw.exe (OK)
Match:		1.013.000_001
Runtime used:	1.013.000_001 (64-bit)
Heap -Xms:	Requested 2048 MB / 0%, Available: 22072 MB, Heap size: 2048 MB
Heap -Xmx:	Requested 16384 MB / 0%, Available: 22072 MB, Heap size: 16384 MB
Main class:	com.lonewolf.lingine.Main
Info:		Classpath not defined.
Launcher:	C:\Program Files\Java\jdk-13.0.1\bin\javaw.exe
Launcher args:	-Xms2048m -Xmx16384m -classpath "C:\Users\Younglings\Desktop\Lingine\dist\Lingine.exe" com.lonewolf.lingine.Main
Args length:	112/32768 chars
Exit code:	0


Version:	3.12
CmdLine:	C:\Users\Younglings\Desktop\Lingine\dist\Lingine.exe --l4j-debug
WOW64:		yes
Create mutex:	Lingine Game Engine
Working dir:	C:\Users\Younglings\Desktop\Lingine\dist\.
Java min ver:	1.008.000
Java max ver:	
Bundled JRE:	dist\jre
Check launcher:	C:\Users\Younglings\Desktop\Lingine\dist\dist\jre\bin\javaw.exe (not found)
64-bit search:	SOFTWARE\JavaSoft\Java Development Kit...
Check:		SOFTWARE\JavaSoft\Java Development Kit\1.8
Check launcher:	C:\Program Files\Java\jdk1.8.0_221\bin\javaw.exe (OK)
Match:		1.008.000
Check:		SOFTWARE\JavaSoft\Java Development Kit\1.8.0_221
Check launcher:	C:\Program Files\Java\jdk1.8.0_221\bin\javaw.exe (OK)
Match:		1.008.000_221
64-bit search:	SOFTWARE\JavaSoft\JDK...
Check:		SOFTWARE\JavaSoft\JDK\13.0.1
Check launcher:	C:\Program Files\Java\jdk-13.0.1\bin\javaw.exe (OK)
Match:		1.013.000_001
Runtime used:	1.013.000_001 (64-bit)
Heap -Xms:	Requested 2048 MB / 0%, Available: 22056 MB, Heap size: 2048 MB
Heap -Xmx:	Requested 16384 MB / 0%, Available: 22056 MB, Heap size: 16384 MB
Main class:	com.lonewolf.lingine.Main
Info:		Classpath not defined.
Launcher:	C:\Program Files\Java\jdk-13.0.1\bin\javaw.exe
Launcher args:	-Xms2048m -Xmx16384m -classpath "C:\Users\Younglings\Desktop\Lingine\dist\Lingine.exe" com.lonewolf.lingine.Main
Args length:	112/32768 chars
Exit code:	0


Version:	3.12
CmdLine:	C:\Users\Younglings\Desktop\Lingine\dist\Lingine.exe --l4j-debug
WOW64:		yes
Create mutex:	Lingine Game Engine
Working dir:	C:\Users\Younglings\Desktop\Lingine\dist\.
Java min ver:	1.008.000
Java max ver:	
Bundled JRE:	dist\jre
Check launcher:	C:\Users\Younglings\Desktop\Lingine\dist\dist\jre\bin\javaw.exe (not found)
64-bit search:	SOFTWARE\JavaSoft\Java Development Kit...
Check:		SOFTWARE\JavaSoft\Java Development Kit\1.8
Check launcher:	C:\Program Files\Java\jdk1.8.0_221\bin\javaw.exe (OK)
Match:		1.008.000
Check:		SOFTWARE\JavaSoft\Java Development Kit\1.8.0_221
Check launcher:	C:\Program Files\Java\jdk1.8.0_221\bin\javaw.exe (OK)
Match:		1.008.000_221
64-bit search:	SOFTWARE\JavaSoft\JDK...
Check:		SOFTWARE\JavaSoft\JDK\13.0.1
Check launcher:	C:\Program Files\Java\jdk-13.0.1\bin\javaw.exe (OK)
Match:		1.013.000_001
Runtime used:	1.013.000_001 (64-bit)
Heap -Xms:	Requested 2048 MB / 0%, Available: 22054 MB, Heap size: 2048 MB
Heap -Xmx:	Requested 16384 MB / 0%, Available: 22054 MB, Heap size: 16384 MB
Main class:	com.lonewolf.lingine.Main
Info:		Classpath not defined.
Launcher:	C:\Program Files\Java\jdk-13.0.1\bin\javaw.exe
Launcher args:	-Xms2048m -Xmx16384m -classpath "C:\Users\Younglings\Desktop\Lingine\dist\Lingine.exe" com.lonewolf.lingine.Main
Args length:	112/32768 chars
Exit code:	0
